
Clover Installer r5119 (0f5da727e) (installer library v1.1.5), 2020-06-09 11:52:58
macOS Version 10.15.5 (Build 19F101)
SELF = /Applications/Clover.app/Contents/MacOS/CloverDaemonNew
Backup made at:
/Users/alvinfrancis/Desktop/CloverBackUp/APPLE SSD SM512E Media/r5118_2020-06-09_11-52-49/EFI.
Target volume: /Volumes/EFI
BSD Name:      disk2s1
Filesystem:    FAT32
Is internal:   true
Is writable:   true
Installation type: UEFI

/dev/disk0 (internal, physical):
   #:                       TYPE NAME                    SIZE       IDENTIFIER
   0:      GUID_partition_scheme                        *512.1 GB   disk0
   1:         Microsoft Reserved                         16.8 MB    disk0s1
   2:                        EFI EFI                     209.7 MB   disk0s2
   3:       Microsoft Basic Data                         511.9 GB   disk0s3

/dev/disk1 (internal, physical):
   #:                       TYPE NAME                    SIZE       IDENTIFIER
   0:     FDisk_partition_scheme                        *1.0 TB     disk1
   1:               Windows_NTFS DATA                    1.0 TB     disk1s1

/dev/disk2 (internal, physical):
   #:                       TYPE NAME                    SIZE       IDENTIFIER
   0:      GUID_partition_scheme                        *500.3 GB   disk2
   1:                        EFI EFI                     209.7 MB   disk2s1
   2:                 Apple_APFS Container disk3         500.1 GB   disk2s2

/dev/disk3 (synthesized):
   #:                       TYPE NAME                    SIZE       IDENTIFIER
   0:      APFS Container Scheme -                      +500.1 GB   disk3
                                 Physical Store disk2s2
   1:                APFS Volume Mac - Data              203.4 GB   disk3s1
   2:                APFS Volume Preboot                 82.3 MB    disk3s2
   3:                APFS Volume Recovery                528.5 MB   disk3s3
   4:                APFS Volume VM                      2.1 GB     disk3s4
   5:                APFS Volume Mac                     11.1 GB    disk3s5




Installing/Updating Clover:
+ ../BOOT/BOOTX64.efi
+ ../CLOVER/CLOVERX64.efi

Installing/Updating drivers:
+ ../UEFI/AudioDxe.efi
+ ../UEFI/DataHubDxe.efi
+ ../UEFI/ApfsDriverLoader.efi
+ ../UEFI/AptioMemoryFix.efi

Installing/Updating tools:
+ ../tools/Shell64.efi
+ ../tools/bdmesg.efi
+ ../tools/Shell64U.efi
+ ../tools/Shell32.efi

Installing/Updating docs:
+ ../doc/UEFI boot with Clover.rtf
+ ../doc/boot1f32-install.sh
+ ../doc/HowToInstallOSX.txt
+ ../doc/HowToFixDsdt.txt
+ ../doc/bcfg.txt